[2018nov21 14:45:12,289][INFO ][1249654270043246851--32b1995c.1670fcfdbfc.-7e8c][consultarCliente ConsultaListaNegra.java:32][Inicio invocacion de WSConsultaListaNegra. Channel:SIEBEL8 User:SADMIN]
[2018nov21 14:45:13,453][ERROR][1249654270043246851--32b1995c.1670fcfdbfc.-7e8c][ProcesarSP ProcesarSp.java:47][Error al ejecutar el Stored Procedure en digitel.ProcesarSp: weblogic.common.resourcepool.ResourceDeadException: 0:Could not create pool connection. The DBMS driver exception was: Excepción de E/S: The Network Adapter could not establish the connection]
weblogic.jdbc.extensions.ConnectionDeadSQLException: weblogic.common.resourcepool.ResourceDeadException: 0:Could not create pool connection. The DBMS driver exception was: Excepción de E/S: The Network Adapter could not establish the connection
	at weblogic.jdbc.common.internal.JDBCUtil.wrapAndThrowResourceException(JDBCUtil.java:203)
	at weblogic.jdbc.common.internal.RmiDataSource.getPoolConnection(RmiDataSource.java:317)
	at weblogic.jdbc.common.internal.RmiDataSource.getConnection(RmiDataSource.java:334)
	at digitel.WebService.conexion(WebService.java:47)
	at digitel.WebService.conexion(WebService.java:29)
	at digitel.ProcesarSp.ProcesarSP(ProcesarSp.java:19)
	at digitel.ConsultaListaNegra.consultarCliente(ConsultaListaNegra.java:71)
	at digitel.bindings.WSConsultaListaNegraImpl.consultarCliente(WSConsultaListaNegraImpl.java:23)
	at sun.reflect.NativeMethodAccessorImpl.invoke0(Native Method)
	at sun.reflect.NativeMethodAccessorImpl.invoke(NativeMethodAccessorImpl.java:39)
	at sun.reflect.DelegatingMethodAccessorImpl.invoke(DelegatingMethodAccessorImpl.java:25)
	at java.lang.reflect.Method.invoke(Method.java:324)
	at weblogic.webservice.component.javaclass.JavaClassInvocationHandler.invoke(JavaClassInvocationHandler.java:133)
	at weblogic.webservice.core.handler.InvokeHandler.handleRequest(InvokeHandler.java:104)
	at weblogic.webservice.core.HandlerChainImpl.handleRequest(HandlerChainImpl.java:143)
	at weblogic.webservice.core.DefaultOperation.process(DefaultOperation.java:549)
	at weblogic.webservice.server.Dispatcher.process(Dispatcher.java:204)
	at weblogic.webservice.server.Dispatcher.doDispatch(Dispatcher.java:176)
	at weblogic.webservice.server.Dispatcher.dispatch(Dispatcher.java:96)
	at weblogic.webservice.server.WebServiceManager.dispatch(WebServiceManager.java:100)
	at weblogic.webservice.server.servlet.WebServiceServlet.serverSideInvoke(WebServiceServlet.java:297)
	at weblogic.webservice.server.servlet.ServletBase.doPost(ServletBase.java:485)
	at weblogic.webservice.server.servlet.WebServiceServlet.doPost(WebServiceServlet.java:267)
	at javax.servlet.http.HttpServlet.service(HttpServlet.java:760)
	at javax.servlet.http.HttpServlet.service(HttpServlet.java:853)
	at weblogic.servlet.internal.ServletStubImpl$ServletInvocationAction.run(ServletStubImpl.java:1072)
	at weblogic.servlet.internal.ServletStubImpl.invokeServlet(ServletStubImpl.java:465)
	at weblogic.servlet.internal.ServletStubImpl.invokeServlet(ServletStubImpl.java:348)
	at weblogic.servlet.internal.WebAppServletContext$ServletInvocationAction.run(WebAppServletContext.java:6981)
	at weblogic.security.acl.internal.AuthenticatedSubject.doAs(AuthenticatedSubject.java:321)
	at weblogic.security.service.SecurityManager.runAs(SecurityManager.java:121)
	at weblogic.servlet.internal.WebAppServletContext.invokeServlet(WebAppServletContext.java:3892)
	at weblogic.servlet.internal.ServletRequestImpl.execute(ServletRequestImpl.java:2766)
	at weblogic.kernel.ExecuteThread.execute(ExecuteThread.java:224)
	at weblogic.kernel.ExecuteThread.run(ExecuteThread.java:183)
[2018nov21 14:45:13,584][INFO ][1249654270043246851--32b1995c.1670fcfdbfc.-7e8c][ProcesarSP ProcesarSp.java:50][Finally - Cerrando Conexiones]
[2018nov21 14:45:13,658][INFO ][1249654270043246851--32b1995c.1670fcfdbfc.-7e8c][consultarCliente ConsultaListaNegra.java:91][No existe cliente registrado e la Lista Negra con el numero de identificacion consultado]
[2018nov21 14:45:13,729][DEBUG][1249654270043246851--32b1995c.1670fcfdbfc.-7e8c][consultarCliente ConsultaListaNegra.java:118][Fin de la ejecucion del WSConsultaListaNegra]
